build/app/intermediates/manifest_merge_blame_file/profile/manifest-merger-blame-profile-report.txt
1<?xml version="1.0" encoding="utf-8"?>
2<manifest xmlns:android="http://schemas.android.com/apk/res/android"
3    package="com.example.bibit_test"
4    android:versionCode="1"
5    android:versionName="1.0.0" >
6
7    <uses-sdk
8        android:minSdkVersion="16"
9        android:targetSdkVersion="30" />
10    <!--
11         Flutter needs it to communicate with the running application
12         to allow setting breakpoints, to provide hot reload, etc.
13    -->
14    <uses-permission android:name="android.permission.INTERNET" />
14-->src\profile\AndroidManifest.xml:6:5-66
14-->src\profile\AndroidManifest.xml:6:22-64
15    <uses-permission android:name="android.permission.RECEIVE_BOOT_COMPLETED" />
15-->[:flutter_local_notifications] AndroidManifest.xml:7:5-81
15-->[:flutter_local_notifications] AndroidManifest.xml:7:22-78
16    <uses-permission android:name="android.permission.VIBRATE" />
16-->[:flutter_local_notifications] AndroidManifest.xml:8:5-66
16-->[:flutter_local_notifications] AndroidManifest.xml:8:22-63
17    <uses-permission android:name="android.permission.USE_FULL_SCREEN_INTENT" />
17-->[:flutter_local_notifications] AndroidManifest.xml:9:5-81
17-->[:flutter_local_notifications] AndroidManifest.xml:9:22-78
18    <uses-permission android:name="android.permission.SCHEDULE_EXACT_ALARM" />
18-->[:flutter_local_notifications] AndroidManifest.xml:10:5-79
18-->[:flutter_local_notifications] AndroidManifest.xml:10:22-76
19
20    <application
20-->src\main\AndroidManifest.xml:3:4-42:19
21        android:appComponentFactory="androidx.core.app.CoreComponentFactory"
21-->[androidx.core:core:1.3.0] AndroidManifest.xml:24:18-86
22        android:debuggable="true"
23        android:icon="@mipmap/ic_launcher"
23-->src\main\AndroidManifest.xml:5:9-43
24        android:label="bibit_test" >
24-->src\main\AndroidManifest.xml:4:9-35
25        <activity
25-->src\main\AndroidManifest.xml:6:9-36:20
26            android:name="com.example.bibit_test.MainActivity"
26-->src\main\AndroidManifest.xml:7:13-41
27            android:configChanges="orientation|keyboardHidden|keyboard|screenSize|smallestScreenSize|locale|layoutDirection|fontScale|screenLayout|density|uiMode"
27-->src\main\AndroidManifest.xml:10:13-163
28            android:hardwareAccelerated="true"
28-->src\main\AndroidManifest.xml:11:13-47
29            android:launchMode="singleTop"
29-->src\main\AndroidManifest.xml:8:13-43
30            android:showWhenLocked="true"
30-->src\main\AndroidManifest.xml:12:13-42
31            android:theme="@style/LaunchTheme"
31-->src\main\AndroidManifest.xml:9:13-47
32            android:turnScreenOn="true"
32-->src\main\AndroidManifest.xml:13:13-40
33            android:windowSoftInputMode="adjustResize" >
33-->src\main\AndroidManifest.xml:14:13-55
34
35            <!--
36                 Specifies an Android theme to apply to this Activity as soon as
37                 the Android process has started. This theme is visible to the user
38                 while the Flutter UI initializes. After that, this theme continues
39                 to determine the Window background behind the Flutter UI.
40            -->
41            <meta-data
41-->src\main\AndroidManifest.xml:19:13-22:17
42                android:name="io.flutter.embedding.android.NormalTheme"
42-->src\main\AndroidManifest.xml:20:15-70
43                android:resource="@style/NormalTheme" />
43-->src\main\AndroidManifest.xml:21:15-52
44            <!--
45                 Displays an Android View that continues showing the launch screen
46                 Drawable until Flutter paints its first frame, then this splash
47                 screen fades out. A splash screen is useful to avoid any visual
48                 gap between the end of Android's launch screen and the painting of
49                 Flutter's first frame.
50            -->
51            <meta-data
51-->src\main\AndroidManifest.xml:28:13-31:17
52                android:name="io.flutter.embedding.android.SplashScreenDrawable"
52-->src\main\AndroidManifest.xml:29:15-79
53                android:resource="@drawable/launch_background" />
53-->src\main\AndroidManifest.xml:30:15-61
54
55            <intent-filter>
55-->src\main\AndroidManifest.xml:32:13-35:29
56                <action android:name="android.intent.action.MAIN" />
56-->src\main\AndroidManifest.xml:33:17-68
56-->src\main\AndroidManifest.xml:33:25-66
57
58                <category android:name="android.intent.category.LAUNCHER" />
58-->src\main\AndroidManifest.xml:34:17-76
58-->src\main\AndroidManifest.xml:34:27-74
59            </intent-filter>
60        </activity>
61        <!--
62             Don't delete the meta-data below.
63             This is used by the Flutter tool to generate GeneratedPluginRegistrant.java
64        -->
65        <meta-data
65-->src\main\AndroidManifest.xml:39:9-41:33
66            android:name="flutterEmbedding"
66-->src\main\AndroidManifest.xml:40:13-44
67            android:value="2" />
67-->src\main\AndroidManifest.xml:41:13-30
68
69        <receiver
69-->[:flutter_local_notifications] AndroidManifest.xml:13:9-15:40
70            android:name="com.dexterous.flutterlocalnotifications.ScheduledNotificationReceiver"
70-->[:flutter_local_notifications] AndroidManifest.xml:14:13-97
71            android:exported="false" />
71-->[:flutter_local_notifications] AndroidManifest.xml:15:13-37
72        <receiver
72-->[:flutter_local_notifications] AndroidManifest.xml:16:9-25:20
73            android:name="com.dexterous.flutterlocalnotifications.ScheduledNotificationBootReceiver"
73-->[:flutter_local_notifications] AndroidManifest.xml:17:13-101
74            android:exported="false" >
74-->[:flutter_local_notifications] AndroidManifest.xml:18:13-37
75            <intent-filter>
75-->[:flutter_local_notifications] AndroidManifest.xml:19:13-24:29
76                <action android:name="android.intent.action.BOOT_COMPLETED" />
76-->[:flutter_local_notifications] AndroidManifest.xml:20:17-79
76-->[:flutter_local_notifications] AndroidManifest.xml:20:25-76
77                <action android:name="android.intent.action.MY_PACKAGE_REPLACED" />
77-->[:flutter_local_notifications] AndroidManifest.xml:21:17-84
77-->[:flutter_local_notifications] AndroidManifest.xml:21:25-81
78                <action android:name="android.intent.action.QUICKBOOT_POWERON" />
78-->[:flutter_local_notifications] AndroidManifest.xml:22:17-82
78-->[:flutter_local_notifications] AndroidManifest.xml:22:25-79
79                <action android:name="com.htc.intent.action.QUICKBOOT_POWERON" />
79-->[:flutter_local_notifications] AndroidManifest.xml:23:17-82
79-->[:flutter_local_notifications] AndroidManifest.xml:23:25-79
80            </intent-filter>
81        </receiver>
82    </application>
83
84</manifest>